2024-09-01 00:37:30,202 INFO:Script started.
2024-09-01 00:37:30,895 INFO:Loaded spaCy model.
2024-09-01 00:37:30,895 INFO:Received input text: A red cube next to a blue sphere and a green cube below the sphere.
2024-09-01 00:37:30,895 INFO:Processing text: A red cube next to a blue sphere and a green cube below the sphere.
2024-09-01 00:37:30,903 DEBUG:Processing token: A, POS: DET, DEP: det
2024-09-01 00:37:30,903 DEBUG:Processing token: red, POS: ADJ, DEP: amod
2024-09-01 00:37:30,903 DEBUG:Identified color: red
2024-09-01 00:37:30,903 DEBUG:Processing token: cube, POS: NOUN, DEP: ROOT
2024-09-01 00:37:30,903 DEBUG:Identified object: cube
2024-09-01 00:37:30,903 DEBUG:Created new object: {'object': 'cube', 'color': 'red', 'texture': None, 'size': None, 'position': {'x': 0, 'y': 0, 'z': 0}}
2024-09-01 00:37:30,903 DEBUG:Processing token: next, POS: ADV, DEP: advmod
2024-09-01 00:37:30,904 DEBUG:Processing token: to, POS: ADP, DEP: prep
2024-09-01 00:37:30,904 DEBUG:Processing token: a, POS: DET, DEP: det
2024-09-01 00:37:30,904 DEBUG:Processing token: blue, POS: ADJ, DEP: amod
2024-09-01 00:37:30,904 DEBUG:Identified color: blue
2024-09-01 00:37:30,904 DEBUG:Processing token: sphere, POS: NOUN, DEP: pobj
2024-09-01 00:37:30,904 DEBUG:Identified object: sphere
2024-09-01 00:37:30,904 DEBUG:Created new object: {'object': 'sphere', 'color': 'blue', 'texture': None, 'size': None, 'position': {'x': 2, 'y': 0, 'z': 0}}
2024-09-01 00:37:30,904 DEBUG:Processing token: and, POS: CCONJ, DEP: cc
2024-09-01 00:37:30,904 DEBUG:Processing token: a, POS: DET, DEP: det
2024-09-01 00:37:30,904 DEBUG:Processing token: green, POS: ADJ, DEP: amod
2024-09-01 00:37:30,904 DEBUG:Identified color: green
2024-09-01 00:37:30,904 DEBUG:Processing token: cube, POS: NOUN, DEP: conj
2024-09-01 00:37:30,904 DEBUG:Identified object: cube
2024-09-01 00:37:30,904 DEBUG:Created new object: {'object': 'cube', 'color': 'green', 'texture': None, 'size': None, 'position': {'x': 4, 'y': 0, 'z': 0}}
2024-09-01 00:37:30,904 DEBUG:Processing token: below, POS: ADP, DEP: prep
2024-09-01 00:37:30,904 DEBUG:Updated position for "below": {'x': 4, 'y': -2, 'z': 0}
2024-09-01 00:37:30,904 DEBUG:Processing token: the, POS: DET, DEP: det
2024-09-01 00:37:30,904 DEBUG:Processing token: sphere, POS: NOUN, DEP: pobj
2024-09-01 00:37:30,904 DEBUG:Identified object: sphere
2024-09-01 00:37:30,904 DEBUG:Found existing object: {'object': 'sphere', 'color': 'blue', 'texture': None, 'size': None, 'position': {'x': 2, 'y': 0, 'z': 0}}
2024-09-01 00:37:30,905 DEBUG:Processing token: ., POS: PUNCT, DEP: punct
2024-09-01 00:37:30,905 INFO:JSON file created: temp\scene.json
2024-09-01 00:37:30,906 INFO:Output file: temp\scene.json
2024-09-01 12:21:55,130 INFO:Script started.
2024-09-01 12:21:56,211 INFO:Loaded spaCy model.
2024-09-01 12:21:56,211 INFO:Received input text: A red cube next to a blue sphere and a green cube below the sphere.
2024-09-01 12:21:56,211 INFO:Processing text: A red cube next to a blue sphere and a green cube below the sphere.
2024-09-01 12:21:56,235 DEBUG:Processing token: A, POS: DET, DEP: det
2024-09-01 12:21:56,235 DEBUG:Processing token: red, POS: ADJ, DEP: amod
2024-09-01 12:21:56,235 DEBUG:Identified color: red
2024-09-01 12:21:56,235 DEBUG:Processing token: cube, POS: NOUN, DEP: ROOT
2024-09-01 12:21:56,235 DEBUG:Identified object: cube
2024-09-01 12:21:56,235 DEBUG:Created new object: {'object': 'cube', 'color': 'red', 'texture': None, 'size': None, 'position': {'x': 0, 'y': 0, 'z': 0}}
2024-09-01 12:21:56,235 DEBUG:Processing token: next, POS: ADV, DEP: advmod
2024-09-01 12:21:56,235 DEBUG:Processing token: to, POS: ADP, DEP: prep
2024-09-01 12:21:56,235 DEBUG:Processing token: a, POS: DET, DEP: det
2024-09-01 12:21:56,235 DEBUG:Processing token: blue, POS: ADJ, DEP: amod
2024-09-01 12:21:56,235 DEBUG:Identified color: blue
2024-09-01 12:21:56,235 DEBUG:Processing token: sphere, POS: NOUN, DEP: pobj
2024-09-01 12:21:56,235 DEBUG:Identified object: sphere
2024-09-01 12:21:56,235 DEBUG:Created new object: {'object': 'sphere', 'color': 'blue', 'texture': None, 'size': None, 'position': {'x': 2, 'y': 0, 'z': 0}}
2024-09-01 12:21:56,236 DEBUG:Processing token: and, POS: CCONJ, DEP: cc
2024-09-01 12:21:56,236 DEBUG:Processing token: a, POS: DET, DEP: det
2024-09-01 12:21:56,236 DEBUG:Processing token: green, POS: ADJ, DEP: amod
2024-09-01 12:21:56,236 DEBUG:Identified color: green
2024-09-01 12:21:56,236 DEBUG:Processing token: cube, POS: NOUN, DEP: conj
2024-09-01 12:21:56,236 DEBUG:Identified object: cube
2024-09-01 12:21:56,236 DEBUG:Created new object: {'object': 'cube', 'color': 'green', 'texture': None, 'size': None, 'position': {'x': 4, 'y': 0, 'z': 0}}
2024-09-01 12:21:56,236 DEBUG:Processing token: below, POS: ADP, DEP: prep
2024-09-01 12:21:56,236 DEBUG:Updated position for "below": {'x': 4, 'y': -2, 'z': 0}
2024-09-01 12:21:56,236 DEBUG:Processing token: the, POS: DET, DEP: det
2024-09-01 12:21:56,236 DEBUG:Processing token: sphere, POS: NOUN, DEP: pobj
2024-09-01 12:21:56,236 DEBUG:Identified object: sphere
2024-09-01 12:21:56,236 DEBUG:Found existing object: {'object': 'sphere', 'color': 'blue', 'texture': None, 'size': None, 'position': {'x': 2, 'y': 0, 'z': 0}}
2024-09-01 12:21:56,236 DEBUG:Processing token: ., POS: PUNCT, DEP: punct
2024-09-01 12:21:56,237 INFO:JSON file created: temp\scene.json
2024-09-01 12:21:56,237 INFO:Output file: temp\scene.json
2024-09-01 12:24:16,255 INFO:Script started.
2024-09-01 12:24:16,949 INFO:Loaded spaCy model.
2024-09-01 12:24:16,950 INFO:Received input text: A red cube next to a blue sphere and a green cube below the sphere.
2024-09-01 12:24:16,950 INFO:Processing text: A red cube next to a blue sphere and a green cube below the sphere.
2024-09-01 12:24:16,959 DEBUG:Processing token: A, POS: DET, DEP: det
2024-09-01 12:24:16,959 DEBUG:Processing token: red, POS: ADJ, DEP: amod
2024-09-01 12:24:16,959 DEBUG:Identified color: red
2024-09-01 12:24:16,959 DEBUG:Processing token: cube, POS: NOUN, DEP: ROOT
2024-09-01 12:24:16,959 DEBUG:Identified object: cube
2024-09-01 12:24:16,959 DEBUG:Created new object: {'object': 'cube', 'color': 'red', 'texture': None, 'size': None, 'position': {'x': 0, 'y': 0, 'z': 0}}
2024-09-01 12:24:16,959 DEBUG:Processing token: next, POS: ADV, DEP: advmod
2024-09-01 12:24:16,959 DEBUG:Processing token: to, POS: ADP, DEP: prep
2024-09-01 12:24:16,959 DEBUG:Processing token: a, POS: DET, DEP: det
2024-09-01 12:24:16,960 DEBUG:Processing token: blue, POS: ADJ, DEP: amod
2024-09-01 12:24:16,960 DEBUG:Identified color: blue
2024-09-01 12:24:16,960 DEBUG:Processing token: sphere, POS: NOUN, DEP: pobj
2024-09-01 12:24:16,960 DEBUG:Identified object: sphere
2024-09-01 12:24:16,960 DEBUG:Created new object: {'object': 'sphere', 'color': 'blue', 'texture': None, 'size': None, 'position': {'x': 2, 'y': 0, 'z': 0}}
2024-09-01 12:24:16,960 DEBUG:Processing token: and, POS: CCONJ, DEP: cc
2024-09-01 12:24:16,960 DEBUG:Processing token: a, POS: DET, DEP: det
2024-09-01 12:24:16,960 DEBUG:Processing token: green, POS: ADJ, DEP: amod
2024-09-01 12:24:16,960 DEBUG:Identified color: green
2024-09-01 12:24:16,960 DEBUG:Processing token: cube, POS: NOUN, DEP: conj
2024-09-01 12:24:16,960 DEBUG:Identified object: cube
2024-09-01 12:24:16,960 DEBUG:Created new object: {'object': 'cube', 'color': 'green', 'texture': None, 'size': None, 'position': {'x': 4, 'y': 0, 'z': 0}}
2024-09-01 12:24:16,960 DEBUG:Processing token: below, POS: ADP, DEP: prep
2024-09-01 12:24:16,960 DEBUG:Updated position for "below": {'x': 4, 'y': -2, 'z': 0}
2024-09-01 12:24:16,960 DEBUG:Processing token: the, POS: DET, DEP: det
2024-09-01 12:24:16,960 DEBUG:Processing token: sphere, POS: NOUN, DEP: pobj
2024-09-01 12:24:16,961 DEBUG:Identified object: sphere
2024-09-01 12:24:16,961 DEBUG:Found existing object: {'object': 'sphere', 'color': 'blue', 'texture': None, 'size': None, 'position': {'x': 2, 'y': 0, 'z': 0}}
2024-09-01 12:24:16,961 DEBUG:Processing token: ., POS: PUNCT, DEP: punct
2024-09-01 12:24:16,962 INFO:JSON file created: temp\scene.json
2024-09-01 12:24:16,962 INFO:Output file: temp\scene.json
2024-09-01 12:31:58,826 INFO:Script started.
2024-09-01 12:31:59,544 INFO:Loaded spaCy model.
2024-09-01 12:31:59,545 INFO:Received input text: A red cube next to a blue sphere and a green cube below the sphere.
2024-09-01 12:31:59,545 INFO:Processing text: A red cube next to a blue sphere and a green cube below the sphere.
2024-09-01 12:31:59,579 DEBUG:Processing token: A, POS: DET, DEP: det
2024-09-01 12:31:59,579 DEBUG:Processing token: red, POS: ADJ, DEP: amod
2024-09-01 12:31:59,579 DEBUG:Identified color: red
2024-09-01 12:31:59,579 DEBUG:Processing token: cube, POS: NOUN, DEP: ROOT
2024-09-01 12:31:59,579 DEBUG:Identified object: cube
2024-09-01 12:31:59,579 DEBUG:Created new object: {'object': 'cube', 'color': 'red', 'texture': None, 'size': None, 'position': {'x': 0, 'y': 0, 'z': 0}}
2024-09-01 12:31:59,579 DEBUG:Processing token: next, POS: ADV, DEP: advmod
2024-09-01 12:31:59,579 DEBUG:Processing token: to, POS: ADP, DEP: prep
2024-09-01 12:31:59,579 DEBUG:Processing token: a, POS: DET, DEP: det
2024-09-01 12:31:59,580 DEBUG:Processing token: blue, POS: ADJ, DEP: amod
2024-09-01 12:31:59,580 DEBUG:Identified color: blue
2024-09-01 12:31:59,580 DEBUG:Processing token: sphere, POS: NOUN, DEP: pobj
2024-09-01 12:31:59,580 DEBUG:Identified object: sphere
2024-09-01 12:31:59,580 DEBUG:Created new object: {'object': 'sphere', 'color': 'blue', 'texture': None, 'size': None, 'position': {'x': 2, 'y': 0, 'z': 0}}
2024-09-01 12:31:59,580 DEBUG:Processing token: and, POS: CCONJ, DEP: cc
2024-09-01 12:31:59,580 DEBUG:Processing token: a, POS: DET, DEP: det
2024-09-01 12:31:59,580 DEBUG:Processing token: green, POS: ADJ, DEP: amod
2024-09-01 12:31:59,580 DEBUG:Identified color: green
2024-09-01 12:31:59,580 DEBUG:Processing token: cube, POS: NOUN, DEP: conj
2024-09-01 12:31:59,580 DEBUG:Identified object: cube
2024-09-01 12:31:59,580 DEBUG:Created new object: {'object': 'cube', 'color': 'green', 'texture': None, 'size': None, 'position': {'x': 4, 'y': 0, 'z': 0}}
2024-09-01 12:31:59,580 DEBUG:Processing token: below, POS: ADP, DEP: prep
2024-09-01 12:31:59,580 DEBUG:Updated position for "below": {'x': 4, 'y': -2, 'z': 0}
2024-09-01 12:31:59,580 DEBUG:Processing token: the, POS: DET, DEP: det
2024-09-01 12:31:59,580 DEBUG:Processing token: sphere, POS: NOUN, DEP: pobj
2024-09-01 12:31:59,580 DEBUG:Identified object: sphere
2024-09-01 12:31:59,580 DEBUG:Found existing object: {'object': 'sphere', 'color': 'blue', 'texture': None, 'size': None, 'position': {'x': 2, 'y': 0, 'z': 0}}
2024-09-01 12:31:59,580 DEBUG:Processing token: ., POS: PUNCT, DEP: punct
2024-09-01 12:31:59,581 INFO:JSON file created: temp\scene.json
2024-09-01 12:31:59,581 INFO:Output file: temp\scene.json
2024-09-01 12:32:58,699 INFO:Script started.
2024-09-01 12:32:59,311 INFO:Loaded spaCy model.
2024-09-01 12:32:59,311 INFO:Received input text: A red cube next to a blue sphere and a green cube below the sphere.
2024-09-01 12:32:59,312 INFO:Processing text: A red cube next to a blue sphere and a green cube below the sphere.
2024-09-01 12:32:59,319 DEBUG:Processing token: A, POS: DET, DEP: det
2024-09-01 12:32:59,319 DEBUG:Processing token: red, POS: ADJ, DEP: amod
2024-09-01 12:32:59,319 DEBUG:Identified color: red
2024-09-01 12:32:59,319 DEBUG:Processing token: cube, POS: NOUN, DEP: ROOT
2024-09-01 12:32:59,319 DEBUG:Identified object: cube
2024-09-01 12:32:59,319 DEBUG:Created new object: {'object': 'cube', 'color': 'red', 'texture': None, 'size': None, 'position': {'x': 0, 'y': 0, 'z': 0}}
2024-09-01 12:32:59,320 DEBUG:Processing token: next, POS: ADV, DEP: advmod
2024-09-01 12:32:59,320 DEBUG:Processing token: to, POS: ADP, DEP: prep
2024-09-01 12:32:59,320 DEBUG:Processing token: a, POS: DET, DEP: det
2024-09-01 12:32:59,320 DEBUG:Processing token: blue, POS: ADJ, DEP: amod
2024-09-01 12:32:59,320 DEBUG:Identified color: blue
2024-09-01 12:32:59,320 DEBUG:Processing token: sphere, POS: NOUN, DEP: pobj
2024-09-01 12:32:59,320 DEBUG:Identified object: sphere
2024-09-01 12:32:59,320 DEBUG:Created new object: {'object': 'sphere', 'color': 'blue', 'texture': None, 'size': None, 'position': {'x': 2, 'y': 0, 'z': 0}}
2024-09-01 12:32:59,320 DEBUG:Processing token: and, POS: CCONJ, DEP: cc
2024-09-01 12:32:59,320 DEBUG:Processing token: a, POS: DET, DEP: det
2024-09-01 12:32:59,320 DEBUG:Processing token: green, POS: ADJ, DEP: amod
2024-09-01 12:32:59,320 DEBUG:Identified color: green
2024-09-01 12:32:59,320 DEBUG:Processing token: cube, POS: NOUN, DEP: conj
2024-09-01 12:32:59,320 DEBUG:Identified object: cube
2024-09-01 12:32:59,320 DEBUG:Created new object: {'object': 'cube', 'color': 'green', 'texture': None, 'size': None, 'position': {'x': 4, 'y': 0, 'z': 0}}
2024-09-01 12:32:59,320 DEBUG:Processing token: below, POS: ADP, DEP: prep
2024-09-01 12:32:59,320 DEBUG:Updated position for "below": {'x': 4, 'y': -2, 'z': 0}
2024-09-01 12:32:59,320 DEBUG:Processing token: the, POS: DET, DEP: det
2024-09-01 12:32:59,321 DEBUG:Processing token: sphere, POS: NOUN, DEP: pobj
2024-09-01 12:32:59,321 DEBUG:Identified object: sphere
2024-09-01 12:32:59,321 DEBUG:Found existing object: {'object': 'sphere', 'color': 'blue', 'texture': None, 'size': None, 'position': {'x': 2, 'y': 0, 'z': 0}}
2024-09-01 12:32:59,321 DEBUG:Processing token: ., POS: PUNCT, DEP: punct
2024-09-01 12:32:59,321 INFO:JSON file created: temp\scene.json
2024-09-01 12:32:59,321 INFO:Output file: temp\scene.json
2024-09-01 12:35:44,582 INFO:Script started.
2024-09-01 12:35:45,304 INFO:Loaded spaCy model.
2024-09-01 12:35:45,304 INFO:Received input text: A red cube next to a blue sphere and a green cube below the sphere.
2024-09-01 12:35:45,304 INFO:Processing text: A red cube next to a blue sphere and a green cube below the sphere.
2024-09-01 12:35:45,328 DEBUG:Processing token: A, POS: DET, DEP: det
2024-09-01 12:35:45,328 DEBUG:Processing token: red, POS: ADJ, DEP: amod
2024-09-01 12:35:45,329 DEBUG:Identified color: red
2024-09-01 12:35:45,329 DEBUG:Processing token: cube, POS: NOUN, DEP: ROOT
2024-09-01 12:35:45,329 DEBUG:Identified object: cube
2024-09-01 12:35:45,329 DEBUG:Created new object: {'object': 'cube', 'color': 'red', 'texture': None, 'size': None, 'position': {'x': 0, 'y': 0, 'z': 0}}
2024-09-01 12:35:45,329 DEBUG:Processing token: next, POS: ADV, DEP: advmod
2024-09-01 12:35:45,329 DEBUG:Processing token: to, POS: ADP, DEP: prep
2024-09-01 12:35:45,329 DEBUG:Processing token: a, POS: DET, DEP: det
2024-09-01 12:35:45,329 DEBUG:Processing token: blue, POS: ADJ, DEP: amod
2024-09-01 12:35:45,329 DEBUG:Identified color: blue
2024-09-01 12:35:45,329 DEBUG:Processing token: sphere, POS: NOUN, DEP: pobj
2024-09-01 12:35:45,329 DEBUG:Identified object: sphere
2024-09-01 12:35:45,329 DEBUG:Created new object: {'object': 'sphere', 'color': 'blue', 'texture': None, 'size': None, 'position': {'x': 2, 'y': 0, 'z': 0}}
2024-09-01 12:35:45,329 DEBUG:Processing token: and, POS: CCONJ, DEP: cc
2024-09-01 12:35:45,329 DEBUG:Processing token: a, POS: DET, DEP: det
2024-09-01 12:35:45,329 DEBUG:Processing token: green, POS: ADJ, DEP: amod
2024-09-01 12:35:45,329 DEBUG:Identified color: green
2024-09-01 12:35:45,329 DEBUG:Processing token: cube, POS: NOUN, DEP: conj
2024-09-01 12:35:45,329 DEBUG:Identified object: cube
2024-09-01 12:35:45,329 DEBUG:Created new object: {'object': 'cube', 'color': 'green', 'texture': None, 'size': None, 'position': {'x': 4, 'y': 0, 'z': 0}}
2024-09-01 12:35:45,330 DEBUG:Processing token: below, POS: ADP, DEP: prep
2024-09-01 12:35:45,330 DEBUG:Updated position for "below": {'x': 4, 'y': -2, 'z': 0}
2024-09-01 12:35:45,330 DEBUG:Processing token: the, POS: DET, DEP: det
2024-09-01 12:35:45,330 DEBUG:Processing token: sphere, POS: NOUN, DEP: pobj
2024-09-01 12:35:45,330 DEBUG:Identified object: sphere
2024-09-01 12:35:45,330 DEBUG:Found existing object: {'object': 'sphere', 'color': 'blue', 'texture': None, 'size': None, 'position': {'x': 2, 'y': 0, 'z': 0}}
2024-09-01 12:35:45,330 DEBUG:Processing token: ., POS: PUNCT, DEP: punct
2024-09-01 12:35:45,330 INFO:JSON file created: temp\scene.json
2024-09-01 12:35:45,331 INFO:Output file: temp\scene.json
2024-09-01 12:39:39,015 INFO:Script started.
2024-09-01 12:39:39,769 INFO:Loaded spaCy model.
2024-09-01 12:39:39,769 INFO:Received input text: A red cube next to a blue sphere and a green cube below the sphere.
2024-09-01 12:39:39,769 INFO:Processing text: A red cube next to a blue sphere and a green cube below the sphere.
2024-09-01 12:39:39,783 DEBUG:Processing token: A, POS: DET, DEP: det
2024-09-01 12:39:39,783 DEBUG:Processing token: red, POS: ADJ, DEP: amod
2024-09-01 12:39:39,783 DEBUG:Identified color: red
2024-09-01 12:39:39,784 DEBUG:Processing token: cube, POS: NOUN, DEP: ROOT
2024-09-01 12:39:39,784 DEBUG:Identified object: cube
2024-09-01 12:39:39,784 DEBUG:Created new object: {'object': 'cube', 'color': 'red', 'texture': None, 'size': None, 'position': {'x': 0, 'y': 0, 'z': 0}}
2024-09-01 12:39:39,784 DEBUG:Processing token: next, POS: ADV, DEP: advmod
2024-09-01 12:39:39,784 DEBUG:Processing token: to, POS: ADP, DEP: prep
2024-09-01 12:39:39,784 DEBUG:Processing token: a, POS: DET, DEP: det
2024-09-01 12:39:39,784 DEBUG:Processing token: blue, POS: ADJ, DEP: amod
2024-09-01 12:39:39,784 DEBUG:Identified color: blue
2024-09-01 12:39:39,784 DEBUG:Processing token: sphere, POS: NOUN, DEP: pobj
2024-09-01 12:39:39,784 DEBUG:Identified object: sphere
2024-09-01 12:39:39,784 DEBUG:Created new object: {'object': 'sphere', 'color': 'blue', 'texture': None, 'size': None, 'position': {'x': 2, 'y': 0, 'z': 0}}
2024-09-01 12:39:39,784 DEBUG:Processing token: and, POS: CCONJ, DEP: cc
2024-09-01 12:39:39,785 DEBUG:Processing token: a, POS: DET, DEP: det
2024-09-01 12:39:39,785 DEBUG:Processing token: green, POS: ADJ, DEP: amod
2024-09-01 12:39:39,785 DEBUG:Identified color: green
2024-09-01 12:39:39,785 DEBUG:Processing token: cube, POS: NOUN, DEP: conj
2024-09-01 12:39:39,785 DEBUG:Identified object: cube
2024-09-01 12:39:39,785 DEBUG:Created new object: {'object': 'cube', 'color': 'green', 'texture': None, 'size': None, 'position': {'x': 4, 'y': 0, 'z': 0}}
2024-09-01 12:39:39,785 DEBUG:Processing token: below, POS: ADP, DEP: prep
2024-09-01 12:39:39,785 DEBUG:Updated position for "below": {'x': 4, 'y': -2, 'z': 0}
2024-09-01 12:39:39,785 DEBUG:Processing token: the, POS: DET, DEP: det
2024-09-01 12:39:39,785 DEBUG:Processing token: sphere, POS: NOUN, DEP: pobj
2024-09-01 12:39:39,785 DEBUG:Identified object: sphere
2024-09-01 12:39:39,785 DEBUG:Found existing object: {'object': 'sphere', 'color': 'blue', 'texture': None, 'size': None, 'position': {'x': 2, 'y': 0, 'z': 0}}
2024-09-01 12:39:39,786 DEBUG:Processing token: ., POS: PUNCT, DEP: punct
2024-09-01 12:39:39,786 INFO:JSON file created: temp\scene.json
2024-09-01 12:39:39,787 INFO:Output file: temp\scene.json
2024-09-01 12:40:27,507 INFO:Script started.
2024-09-01 12:40:28,802 INFO:Loaded spaCy model.
2024-09-01 12:40:28,803 INFO:Received input text: A red cube next to a blue sphere and a green cube below the sphere.
2024-09-01 12:40:28,803 INFO:Processing text: A red cube next to a blue sphere and a green cube below the sphere.
2024-09-01 12:40:28,810 DEBUG:Processing token: A, POS: DET, DEP: det
2024-09-01 12:40:28,811 DEBUG:Processing token: red, POS: ADJ, DEP: amod
2024-09-01 12:40:28,811 DEBUG:Identified color: red
2024-09-01 12:40:28,811 DEBUG:Processing token: cube, POS: NOUN, DEP: ROOT
2024-09-01 12:40:28,811 DEBUG:Identified object: cube
2024-09-01 12:40:28,811 DEBUG:Created new object: {'object': 'cube', 'color': 'red', 'texture': None, 'size': None, 'position': {'x': 0, 'y': 0, 'z': 0}}
2024-09-01 12:40:28,811 DEBUG:Processing token: next, POS: ADV, DEP: advmod
2024-09-01 12:40:28,811 DEBUG:Processing token: to, POS: ADP, DEP: prep
2024-09-01 12:40:28,812 DEBUG:Processing token: a, POS: DET, DEP: det
2024-09-01 12:40:28,812 DEBUG:Processing token: blue, POS: ADJ, DEP: amod
2024-09-01 12:40:28,812 DEBUG:Identified color: blue
2024-09-01 12:40:28,812 DEBUG:Processing token: sphere, POS: NOUN, DEP: pobj
2024-09-01 12:40:28,812 DEBUG:Identified object: sphere
2024-09-01 12:40:28,812 DEBUG:Created new object: {'object': 'sphere', 'color': 'blue', 'texture': None, 'size': None, 'position': {'x': 2, 'y': 0, 'z': 0}}
2024-09-01 12:40:28,812 DEBUG:Processing token: and, POS: CCONJ, DEP: cc
2024-09-01 12:40:28,812 DEBUG:Processing token: a, POS: DET, DEP: det
2024-09-01 12:40:28,813 DEBUG:Processing token: green, POS: ADJ, DEP: amod
2024-09-01 12:40:28,813 DEBUG:Identified color: green
2024-09-01 12:40:28,813 DEBUG:Processing token: cube, POS: NOUN, DEP: conj
2024-09-01 12:40:28,813 DEBUG:Identified object: cube
2024-09-01 12:40:28,813 DEBUG:Created new object: {'object': 'cube', 'color': 'green', 'texture': None, 'size': None, 'position': {'x': 4, 'y': 0, 'z': 0}}
2024-09-01 12:40:28,813 DEBUG:Processing token: below, POS: ADP, DEP: prep
2024-09-01 12:40:28,813 DEBUG:Updated position for "below": {'x': 4, 'y': -2, 'z': 0}
2024-09-01 12:40:28,813 DEBUG:Processing token: the, POS: DET, DEP: det
2024-09-01 12:40:28,813 DEBUG:Processing token: sphere, POS: NOUN, DEP: pobj
2024-09-01 12:40:28,813 DEBUG:Identified object: sphere
2024-09-01 12:40:28,813 DEBUG:Found existing object: {'object': 'sphere', 'color': 'blue', 'texture': None, 'size': None, 'position': {'x': 2, 'y': 0, 'z': 0}}
2024-09-01 12:40:28,813 DEBUG:Processing token: ., POS: PUNCT, DEP: punct
2024-09-01 12:40:28,814 INFO:JSON file created: temp\scene.json
2024-09-01 12:40:28,814 INFO:Output file: temp\scene.json
2024-09-01 12:41:05,055 INFO:Script started.
2024-09-01 12:41:05,766 INFO:Loaded spaCy model.
2024-09-01 12:41:05,766 INFO:Received input text: A red cube next to a blue sphere and a green cube below the sphere.
2024-09-01 12:41:05,766 INFO:Processing text: A red cube next to a blue sphere and a green cube below the sphere.
2024-09-01 12:41:05,774 DEBUG:Processing token: A, POS: DET, DEP: det
2024-09-01 12:41:05,775 DEBUG:Processing token: red, POS: ADJ, DEP: amod
2024-09-01 12:41:05,775 DEBUG:Identified color: red
2024-09-01 12:41:05,775 DEBUG:Processing token: cube, POS: NOUN, DEP: ROOT
2024-09-01 12:41:05,775 DEBUG:Identified object: cube
2024-09-01 12:41:05,775 DEBUG:Created new object: {'object': 'cube', 'color': 'red', 'texture': None, 'size': None, 'position': {'x': 0, 'y': 0, 'z': 0}}
2024-09-01 12:41:05,775 DEBUG:Processing token: next, POS: ADV, DEP: advmod
2024-09-01 12:41:05,775 DEBUG:Processing token: to, POS: ADP, DEP: prep
2024-09-01 12:41:05,775 DEBUG:Processing token: a, POS: DET, DEP: det
2024-09-01 12:41:05,775 DEBUG:Processing token: blue, POS: ADJ, DEP: amod
2024-09-01 12:41:05,775 DEBUG:Identified color: blue
2024-09-01 12:41:05,775 DEBUG:Processing token: sphere, POS: NOUN, DEP: pobj
2024-09-01 12:41:05,775 DEBUG:Identified object: sphere
2024-09-01 12:41:05,775 DEBUG:Created new object: {'object': 'sphere', 'color': 'blue', 'texture': None, 'size': None, 'position': {'x': 2, 'y': 0, 'z': 0}}
2024-09-01 12:41:05,775 DEBUG:Processing token: and, POS: CCONJ, DEP: cc
2024-09-01 12:41:05,775 DEBUG:Processing token: a, POS: DET, DEP: det
2024-09-01 12:41:05,775 DEBUG:Processing token: green, POS: ADJ, DEP: amod
2024-09-01 12:41:05,775 DEBUG:Identified color: green
2024-09-01 12:41:05,775 DEBUG:Processing token: cube, POS: NOUN, DEP: conj
2024-09-01 12:41:05,775 DEBUG:Identified object: cube
2024-09-01 12:41:05,775 DEBUG:Created new object: {'object': 'cube', 'color': 'green', 'texture': None, 'size': None, 'position': {'x': 4, 'y': 0, 'z': 0}}
2024-09-01 12:41:05,776 DEBUG:Processing token: below, POS: ADP, DEP: prep
2024-09-01 12:41:05,776 DEBUG:Updated position for "below": {'x': 4, 'y': -2, 'z': 0}
2024-09-01 12:41:05,776 DEBUG:Processing token: the, POS: DET, DEP: det
2024-09-01 12:41:05,776 DEBUG:Processing token: sphere, POS: NOUN, DEP: pobj
2024-09-01 12:41:05,776 DEBUG:Identified object: sphere
2024-09-01 12:41:05,776 DEBUG:Found existing object: {'object': 'sphere', 'color': 'blue', 'texture': None, 'size': None, 'position': {'x': 2, 'y': 0, 'z': 0}}
2024-09-01 12:41:05,776 DEBUG:Processing token: ., POS: PUNCT, DEP: punct
2024-09-01 12:41:05,777 INFO:JSON file created: temp\scene.json
2024-09-01 12:41:05,777 INFO:Output file: temp\scene.json
2024-09-01 12:43:03,779 INFO:Script started.
2024-09-01 12:43:04,483 INFO:Loaded spaCy model.
2024-09-01 12:43:04,483 INFO:Received input text: A red cube next to a blue sphere and a green cube below the sphere.
2024-09-01 12:43:04,483 INFO:Processing text: A red cube next to a blue sphere and a green cube below the sphere.
2024-09-01 12:43:04,493 DEBUG:Processing token: A, POS: DET, DEP: det
2024-09-01 12:43:04,493 DEBUG:Processing token: red, POS: ADJ, DEP: amod
2024-09-01 12:43:04,493 DEBUG:Identified color: red
2024-09-01 12:43:04,493 DEBUG:Processing token: cube, POS: NOUN, DEP: ROOT
2024-09-01 12:43:04,494 DEBUG:Identified object: cube
2024-09-01 12:43:04,494 DEBUG:Created new object: {'object': 'cube', 'color': 'red', 'texture': None, 'size': None, 'position': {'x': 0, 'y': 0, 'z': 0}}
2024-09-01 12:43:04,494 DEBUG:Processing token: next, POS: ADV, DEP: advmod
2024-09-01 12:43:04,494 DEBUG:Processing token: to, POS: ADP, DEP: prep
2024-09-01 12:43:04,494 DEBUG:Processing token: a, POS: DET, DEP: det
2024-09-01 12:43:04,494 DEBUG:Processing token: blue, POS: ADJ, DEP: amod
2024-09-01 12:43:04,494 DEBUG:Identified color: blue
2024-09-01 12:43:04,494 DEBUG:Processing token: sphere, POS: NOUN, DEP: pobj
2024-09-01 12:43:04,494 DEBUG:Identified object: sphere
2024-09-01 12:43:04,494 DEBUG:Created new object: {'object': 'sphere', 'color': 'blue', 'texture': None, 'size': None, 'position': {'x': 2, 'y': 0, 'z': 0}}
2024-09-01 12:43:04,494 DEBUG:Processing token: and, POS: CCONJ, DEP: cc
2024-09-01 12:43:04,494 DEBUG:Processing token: a, POS: DET, DEP: det
2024-09-01 12:43:04,494 DEBUG:Processing token: green, POS: ADJ, DEP: amod
2024-09-01 12:43:04,494 DEBUG:Identified color: green
2024-09-01 12:43:04,494 DEBUG:Processing token: cube, POS: NOUN, DEP: conj
2024-09-01 12:43:04,494 DEBUG:Identified object: cube
2024-09-01 12:43:04,494 DEBUG:Created new object: {'object': 'cube', 'color': 'green', 'texture': None, 'size': None, 'position': {'x': 4, 'y': 0, 'z': 0}}
2024-09-01 12:43:04,494 DEBUG:Processing token: below, POS: ADP, DEP: prep
2024-09-01 12:43:04,494 DEBUG:Updated position for "below": {'x': 4, 'y': -2, 'z': 0}
2024-09-01 12:43:04,494 DEBUG:Processing token: the, POS: DET, DEP: det
2024-09-01 12:43:04,495 DEBUG:Processing token: sphere, POS: NOUN, DEP: pobj
2024-09-01 12:43:04,495 DEBUG:Identified object: sphere
2024-09-01 12:43:04,495 DEBUG:Found existing object: {'object': 'sphere', 'color': 'blue', 'texture': None, 'size': None, 'position': {'x': 2, 'y': 0, 'z': 0}}
2024-09-01 12:43:04,495 DEBUG:Processing token: ., POS: PUNCT, DEP: punct
2024-09-01 12:43:04,495 INFO:JSON file created: temp\scene.json
2024-09-01 12:43:04,495 INFO:Output file: temp\scene.json
2024-09-01 12:53:34,729 INFO:Script started.
2024-09-01 12:53:35,433 INFO:Loaded spaCy model.
2024-09-01 12:53:35,433 INFO:Received input text: A red cube next to a blue sphere and a green cube below the sphere.
2024-09-01 12:53:35,433 INFO:Processing text: A red cube next to a blue sphere and a green cube below the sphere.
2024-09-01 12:53:35,443 DEBUG:Processing token: A, POS: DET, DEP: det
2024-09-01 12:53:35,443 DEBUG:Processing token: red, POS: ADJ, DEP: amod
2024-09-01 12:53:35,443 DEBUG:Identified color: red
2024-09-01 12:53:35,443 DEBUG:Processing token: cube, POS: NOUN, DEP: ROOT
2024-09-01 12:53:35,443 DEBUG:Identified object: cube
2024-09-01 12:53:35,443 DEBUG:Created new object: {'object': 'cube', 'color': 'red', 'texture': None, 'size': None, 'position': {'x': 0, 'y': 0, 'z': 0}}
2024-09-01 12:53:35,443 DEBUG:Processing token: next, POS: ADV, DEP: advmod
2024-09-01 12:53:35,443 DEBUG:Processing token: to, POS: ADP, DEP: prep
2024-09-01 12:53:35,443 DEBUG:Processing token: a, POS: DET, DEP: det
2024-09-01 12:53:35,444 DEBUG:Processing token: blue, POS: ADJ, DEP: amod
2024-09-01 12:53:35,444 DEBUG:Identified color: blue
2024-09-01 12:53:35,444 DEBUG:Processing token: sphere, POS: NOUN, DEP: pobj
2024-09-01 12:53:35,444 DEBUG:Identified object: sphere
2024-09-01 12:53:35,444 DEBUG:Created new object: {'object': 'sphere', 'color': 'blue', 'texture': None, 'size': None, 'position': {'x': 2, 'y': 0, 'z': 0}}
2024-09-01 12:53:35,444 DEBUG:Processing token: and, POS: CCONJ, DEP: cc
2024-09-01 12:53:35,444 DEBUG:Processing token: a, POS: DET, DEP: det
2024-09-01 12:53:35,444 DEBUG:Processing token: green, POS: ADJ, DEP: amod
2024-09-01 12:53:35,444 DEBUG:Identified color: green
2024-09-01 12:53:35,444 DEBUG:Processing token: cube, POS: NOUN, DEP: conj
2024-09-01 12:53:35,444 DEBUG:Identified object: cube
2024-09-01 12:53:35,444 DEBUG:Created new object: {'object': 'cube', 'color': 'green', 'texture': None, 'size': None, 'position': {'x': 4, 'y': 0, 'z': 0}}
2024-09-01 12:53:35,444 DEBUG:Processing token: below, POS: ADP, DEP: prep
2024-09-01 12:53:35,444 DEBUG:Updated position for "below": {'x': 4, 'y': -2, 'z': 0}
2024-09-01 12:53:35,444 DEBUG:Processing token: the, POS: DET, DEP: det
2024-09-01 12:53:35,444 DEBUG:Processing token: sphere, POS: NOUN, DEP: pobj
2024-09-01 12:53:35,444 DEBUG:Identified object: sphere
2024-09-01 12:53:35,444 DEBUG:Found existing object: {'object': 'sphere', 'color': 'blue', 'texture': None, 'size': None, 'position': {'x': 2, 'y': 0, 'z': 0}}
2024-09-01 12:53:35,444 DEBUG:Processing token: ., POS: PUNCT, DEP: punct
2024-09-01 12:53:35,445 INFO:JSON file created: temp\scene.json
2024-09-01 12:53:35,445 INFO:Output file: temp\scene.json
2024-09-01 12:56:40,609 INFO:Script started.
2024-09-01 12:56:41,388 INFO:Loaded spaCy model.
2024-09-01 12:56:41,388 INFO:Received input text: A red cube next to a blue sphere and a green cube below the sphere.
2024-09-01 12:56:41,388 INFO:Processing text: A red cube next to a blue sphere and a green cube below the sphere.
2024-09-01 12:56:41,401 DEBUG:Processing token: A, POS: DET, DEP: det
2024-09-01 12:56:41,401 DEBUG:Processing token: red, POS: ADJ, DEP: amod
2024-09-01 12:56:41,401 DEBUG:Identified color: red
2024-09-01 12:56:41,401 DEBUG:Processing token: cube, POS: NOUN, DEP: ROOT
2024-09-01 12:56:41,402 DEBUG:Identified object: cube
2024-09-01 12:56:41,402 DEBUG:Created new object: {'object': 'cube', 'color': 'red', 'texture': None, 'size': None, 'position': {'x': 0, 'y': 0, 'z': 0}}
2024-09-01 12:56:41,402 DEBUG:Processing token: next, POS: ADV, DEP: advmod
2024-09-01 12:56:41,402 DEBUG:Processing token: to, POS: ADP, DEP: prep
2024-09-01 12:56:41,402 DEBUG:Processing token: a, POS: DET, DEP: det
2024-09-01 12:56:41,402 DEBUG:Processing token: blue, POS: ADJ, DEP: amod
2024-09-01 12:56:41,402 DEBUG:Identified color: blue
2024-09-01 12:56:41,402 DEBUG:Processing token: sphere, POS: NOUN, DEP: pobj
2024-09-01 12:56:41,402 DEBUG:Identified object: sphere
2024-09-01 12:56:41,402 DEBUG:Created new object: {'object': 'sphere', 'color': 'blue', 'texture': None, 'size': None, 'position': {'x': 2, 'y': 0, 'z': 0}}
2024-09-01 12:56:41,402 DEBUG:Processing token: and, POS: CCONJ, DEP: cc
2024-09-01 12:56:41,402 DEBUG:Processing token: a, POS: DET, DEP: det
2024-09-01 12:56:41,402 DEBUG:Processing token: green, POS: ADJ, DEP: amod
2024-09-01 12:56:41,402 DEBUG:Identified color: green
2024-09-01 12:56:41,403 DEBUG:Processing token: cube, POS: NOUN, DEP: conj
2024-09-01 12:56:41,403 DEBUG:Identified object: cube
2024-09-01 12:56:41,403 DEBUG:Created new object: {'object': 'cube', 'color': 'green', 'texture': None, 'size': None, 'position': {'x': 4, 'y': 0, 'z': 0}}
2024-09-01 12:56:41,403 DEBUG:Processing token: below, POS: ADP, DEP: prep
2024-09-01 12:56:41,403 DEBUG:Updated position for "below": {'x': 4, 'y': -2, 'z': 0}
2024-09-01 12:56:41,403 DEBUG:Processing token: the, POS: DET, DEP: det
2024-09-01 12:56:41,403 DEBUG:Processing token: sphere, POS: NOUN, DEP: pobj
2024-09-01 12:56:41,403 DEBUG:Identified object: sphere
2024-09-01 12:56:41,403 DEBUG:Found existing object: {'object': 'sphere', 'color': 'blue', 'texture': None, 'size': None, 'position': {'x': 2, 'y': 0, 'z': 0}}
2024-09-01 12:56:41,403 DEBUG:Processing token: ., POS: PUNCT, DEP: punct
2024-09-01 12:56:41,404 INFO:JSON file created: temp\scene.json
2024-09-01 12:56:41,404 INFO:Output file: temp\scene.json
2024-09-01 12:56:45,830 INFO:Script started.
2024-09-01 12:56:46,537 INFO:Loaded spaCy model.
2024-09-01 12:56:46,537 INFO:Received input text: A red cube next to a blue sphere and a green cube below the sphere.
2024-09-01 12:56:46,537 INFO:Processing text: A red cube next to a blue sphere and a green cube below the sphere.
2024-09-01 12:56:46,547 DEBUG:Processing token: A, POS: DET, DEP: det
2024-09-01 12:56:46,547 DEBUG:Processing token: red, POS: ADJ, DEP: amod
2024-09-01 12:56:46,548 DEBUG:Identified color: red
2024-09-01 12:56:46,548 DEBUG:Processing token: cube, POS: NOUN, DEP: ROOT
2024-09-01 12:56:46,548 DEBUG:Identified object: cube
2024-09-01 12:56:46,548 DEBUG:Created new object: {'object': 'cube', 'color': 'red', 'texture': None, 'size': None, 'position': {'x': 0, 'y': 0, 'z': 0}}
2024-09-01 12:56:46,548 DEBUG:Processing token: next, POS: ADV, DEP: advmod
2024-09-01 12:56:46,548 DEBUG:Processing token: to, POS: ADP, DEP: prep
2024-09-01 12:56:46,549 DEBUG:Processing token: a, POS: DET, DEP: det
2024-09-01 12:56:46,549 DEBUG:Processing token: blue, POS: ADJ, DEP: amod
2024-09-01 12:56:46,549 DEBUG:Identified color: blue
2024-09-01 12:56:46,549 DEBUG:Processing token: sphere, POS: NOUN, DEP: pobj
2024-09-01 12:56:46,549 DEBUG:Identified object: sphere
2024-09-01 12:56:46,549 DEBUG:Created new object: {'object': 'sphere', 'color': 'blue', 'texture': None, 'size': None, 'position': {'x': 2, 'y': 0, 'z': 0}}
2024-09-01 12:56:46,550 DEBUG:Processing token: and, POS: CCONJ, DEP: cc
2024-09-01 12:56:46,550 DEBUG:Processing token: a, POS: DET, DEP: det
2024-09-01 12:56:46,550 DEBUG:Processing token: green, POS: ADJ, DEP: amod
2024-09-01 12:56:46,550 DEBUG:Identified color: green
2024-09-01 12:56:46,550 DEBUG:Processing token: cube, POS: NOUN, DEP: conj
2024-09-01 12:56:46,550 DEBUG:Identified object: cube
2024-09-01 12:56:46,550 DEBUG:Created new object: {'object': 'cube', 'color': 'green', 'texture': None, 'size': None, 'position': {'x': 4, 'y': 0, 'z': 0}}
2024-09-01 12:56:46,551 DEBUG:Processing token: below, POS: ADP, DEP: prep
2024-09-01 12:56:46,551 DEBUG:Updated position for "below": {'x': 4, 'y': -2, 'z': 0}
2024-09-01 12:56:46,551 DEBUG:Processing token: the, POS: DET, DEP: det
2024-09-01 12:56:46,551 DEBUG:Processing token: sphere, POS: NOUN, DEP: pobj
2024-09-01 12:56:46,551 DEBUG:Identified object: sphere
2024-09-01 12:56:46,551 DEBUG:Found existing object: {'object': 'sphere', 'color': 'blue', 'texture': None, 'size': None, 'position': {'x': 2, 'y': 0, 'z': 0}}
2024-09-01 12:56:46,551 DEBUG:Processing token: ., POS: PUNCT, DEP: punct
2024-09-01 12:56:46,552 INFO:JSON file created: temp\scene.json
2024-09-01 12:56:46,553 INFO:Output file: temp\scene.json
2024-09-01 12:56:53,805 INFO:Script started.
2024-09-01 12:56:54,539 INFO:Loaded spaCy model.
2024-09-01 12:56:54,539 INFO:Received input text: A red cube next to a blue sphere and a green cube below the sphere.
2024-09-01 12:56:54,539 INFO:Processing text: A red cube next to a blue sphere and a green cube below the sphere.
2024-09-01 12:56:54,549 DEBUG:Processing token: A, POS: DET, DEP: det
2024-09-01 12:56:54,549 DEBUG:Processing token: red, POS: ADJ, DEP: amod
2024-09-01 12:56:54,549 DEBUG:Identified color: red
2024-09-01 12:56:54,549 DEBUG:Processing token: cube, POS: NOUN, DEP: ROOT
2024-09-01 12:56:54,549 DEBUG:Identified object: cube
2024-09-01 12:56:54,549 DEBUG:Created new object: {'object': 'cube', 'color': 'red', 'texture': None, 'size': None, 'position': {'x': 0, 'y': 0, 'z': 0}}
2024-09-01 12:56:54,549 DEBUG:Processing token: next, POS: ADV, DEP: advmod
2024-09-01 12:56:54,550 DEBUG:Processing token: to, POS: ADP, DEP: prep
2024-09-01 12:56:54,550 DEBUG:Processing token: a, POS: DET, DEP: det
2024-09-01 12:56:54,550 DEBUG:Processing token: blue, POS: ADJ, DEP: amod
2024-09-01 12:56:54,550 DEBUG:Identified color: blue
2024-09-01 12:56:54,550 DEBUG:Processing token: sphere, POS: NOUN, DEP: pobj
2024-09-01 12:56:54,550 DEBUG:Identified object: sphere
2024-09-01 12:56:54,550 DEBUG:Created new object: {'object': 'sphere', 'color': 'blue', 'texture': None, 'size': None, 'position': {'x': 2, 'y': 0, 'z': 0}}
2024-09-01 12:56:54,550 DEBUG:Processing token: and, POS: CCONJ, DEP: cc
2024-09-01 12:56:54,550 DEBUG:Processing token: a, POS: DET, DEP: det
2024-09-01 12:56:54,550 DEBUG:Processing token: green, POS: ADJ, DEP: amod
2024-09-01 12:56:54,550 DEBUG:Identified color: green
2024-09-01 12:56:54,550 DEBUG:Processing token: cube, POS: NOUN, DEP: conj
2024-09-01 12:56:54,550 DEBUG:Identified object: cube
2024-09-01 12:56:54,550 DEBUG:Created new object: {'object': 'cube', 'color': 'green', 'texture': None, 'size': None, 'position': {'x': 4, 'y': 0, 'z': 0}}
2024-09-01 12:56:54,550 DEBUG:Processing token: below, POS: ADP, DEP: prep
2024-09-01 12:56:54,550 DEBUG:Updated position for "below": {'x': 4, 'y': -2, 'z': 0}
2024-09-01 12:56:54,551 DEBUG:Processing token: the, POS: DET, DEP: det
2024-09-01 12:56:54,551 DEBUG:Processing token: sphere, POS: NOUN, DEP: pobj
2024-09-01 12:56:54,551 DEBUG:Identified object: sphere
2024-09-01 12:56:54,551 DEBUG:Found existing object: {'object': 'sphere', 'color': 'blue', 'texture': None, 'size': None, 'position': {'x': 2, 'y': 0, 'z': 0}}
2024-09-01 12:56:54,551 DEBUG:Processing token: ., POS: PUNCT, DEP: punct
2024-09-01 12:56:54,551 INFO:JSON file created: temp\scene.json
2024-09-01 12:56:54,551 INFO:Output file: temp\scene.json
2024-09-01 12:57:11,033 INFO:Script started.
2024-09-01 12:57:11,741 INFO:Loaded spaCy model.
2024-09-01 12:57:11,741 INFO:Received input text: A red cube next to a blue sphere and a green cube below the sphere.
2024-09-01 12:57:11,741 INFO:Processing text: A red cube next to a blue sphere and a green cube below the sphere.
2024-09-01 12:57:11,755 DEBUG:Processing token: A, POS: DET, DEP: det
2024-09-01 12:57:11,756 DEBUG:Processing token: red, POS: ADJ, DEP: amod
2024-09-01 12:57:11,756 DEBUG:Identified color: red
2024-09-01 12:57:11,756 DEBUG:Processing token: cube, POS: NOUN, DEP: ROOT
2024-09-01 12:57:11,756 DEBUG:Identified object: cube
2024-09-01 12:57:11,756 DEBUG:Created new object: {'object': 'cube', 'color': 'red', 'texture': None, 'size': None, 'position': {'x': 0, 'y': 0, 'z': 0}}
2024-09-01 12:57:11,757 DEBUG:Processing token: next, POS: ADV, DEP: advmod
2024-09-01 12:57:11,757 DEBUG:Processing token: to, POS: ADP, DEP: prep
2024-09-01 12:57:11,757 DEBUG:Processing token: a, POS: DET, DEP: det
2024-09-01 12:57:11,757 DEBUG:Processing token: blue, POS: ADJ, DEP: amod
2024-09-01 12:57:11,757 DEBUG:Identified color: blue
2024-09-01 12:57:11,757 DEBUG:Processing token: sphere, POS: NOUN, DEP: pobj
2024-09-01 12:57:11,757 DEBUG:Identified object: sphere
2024-09-01 12:57:11,758 DEBUG:Created new object: {'object': 'sphere', 'color': 'blue', 'texture': None, 'size': None, 'position': {'x': 2, 'y': 0, 'z': 0}}
2024-09-01 12:57:11,758 DEBUG:Processing token: and, POS: CCONJ, DEP: cc
2024-09-01 12:57:11,758 DEBUG:Processing token: a, POS: DET, DEP: det
2024-09-01 12:57:11,758 DEBUG:Processing token: green, POS: ADJ, DEP: amod
2024-09-01 12:57:11,758 DEBUG:Identified color: green
2024-09-01 12:57:11,758 DEBUG:Processing token: cube, POS: NOUN, DEP: conj
2024-09-01 12:57:11,758 DEBUG:Identified object: cube
2024-09-01 12:57:11,758 DEBUG:Created new object: {'object': 'cube', 'color': 'green', 'texture': None, 'size': None, 'position': {'x': 4, 'y': 0, 'z': 0}}
2024-09-01 12:57:11,758 DEBUG:Processing token: below, POS: ADP, DEP: prep
2024-09-01 12:57:11,759 DEBUG:Updated position for "below": {'x': 4, 'y': -2, 'z': 0}
2024-09-01 12:57:11,759 DEBUG:Processing token: the, POS: DET, DEP: det
2024-09-01 12:57:11,759 DEBUG:Processing token: sphere, POS: NOUN, DEP: pobj
2024-09-01 12:57:11,759 DEBUG:Identified object: sphere
2024-09-01 12:57:11,759 DEBUG:Found existing object: {'object': 'sphere', 'color': 'blue', 'texture': None, 'size': None, 'position': {'x': 2, 'y': 0, 'z': 0}}
2024-09-01 12:57:11,759 DEBUG:Processing token: ., POS: PUNCT, DEP: punct
2024-09-01 12:57:11,760 INFO:JSON file created: temp\scene.json
2024-09-01 12:57:11,760 INFO:Output file: temp\scene.json
2024-09-01 12:58:52,522 INFO:Script started.
2024-09-01 12:58:53,271 INFO:Loaded spaCy model.
2024-09-01 12:58:53,271 INFO:Received input text: A red cube and a blue sphere.
2024-09-01 12:58:53,272 INFO:Processing text: A red cube and a blue sphere.
2024-09-01 12:58:53,293 DEBUG:Processing token: A, POS: DET, DEP: det
2024-09-01 12:58:53,294 DEBUG:Processing token: red, POS: ADJ, DEP: amod
2024-09-01 12:58:53,294 DEBUG:Identified color: red
2024-09-01 12:58:53,294 DEBUG:Processing token: cube, POS: NOUN, DEP: ROOT
2024-09-01 12:58:53,294 DEBUG:Identified object: cube
2024-09-01 12:58:53,294 DEBUG:Created new object: {'object': 'cube', 'color': 'red', 'texture': None, 'size': None, 'position': {'x': 0, 'y': 0, 'z': 0}}
2024-09-01 12:58:53,294 DEBUG:Processing token: and, POS: CCONJ, DEP: cc
2024-09-01 12:58:53,294 DEBUG:Processing token: a, POS: DET, DEP: det
2024-09-01 12:58:53,295 DEBUG:Processing token: blue, POS: ADJ, DEP: amod
2024-09-01 12:58:53,296 DEBUG:Identified color: blue
2024-09-01 12:58:53,296 DEBUG:Processing token: sphere, POS: NOUN, DEP: conj
2024-09-01 12:58:53,296 DEBUG:Identified object: sphere
2024-09-01 12:58:53,296 DEBUG:Created new object: {'object': 'sphere', 'color': 'blue', 'texture': None, 'size': None, 'position': {'x': 2, 'y': 0, 'z': 0}}
2024-09-01 12:58:53,296 DEBUG:Processing token: ., POS: PUNCT, DEP: punct
2024-09-01 12:58:53,297 INFO:JSON file created: temp\scene.json
2024-09-01 12:58:53,297 INFO:Output file: temp\scene.json
2024-09-01 13:00:41,282 INFO:Script started.
2024-09-01 13:00:41,954 INFO:Loaded spaCy model.
2024-09-01 13:00:41,954 INFO:Received input text: Draw a large yellow colored teapot of matte texture, a large cyan colored cube of matte texture, a large brown colored teapot of shiny texture, a large red colored cube of matte texture and a large brown colored teapot of shiny texture.
2024-09-01 13:00:41,954 INFO:Processing text: Draw a large yellow colored teapot of matte texture, a large cyan colored cube of matte texture, a large brown colored teapot of shiny texture, a large red colored cube of matte texture and a large brown colored teapot of shiny texture.
2024-09-01 13:00:41,966 DEBUG:Processing token: Draw, POS: VERB, DEP: ROOT
2024-09-01 13:00:41,966 DEBUG:Processing token: a, POS: DET, DEP: det
2024-09-01 13:00:41,966 DEBUG:Processing token: large, POS: ADJ, DEP: amod
2024-09-01 13:00:41,966 DEBUG:Identified size: large
2024-09-01 13:00:41,966 DEBUG:Processing token: yellow, POS: ADJ, DEP: amod
2024-09-01 13:00:41,966 DEBUG:Identified color: yellow
2024-09-01 13:00:41,966 DEBUG:Processing token: colored, POS: ADJ, DEP: amod
2024-09-01 13:00:41,966 DEBUG:Processing token: teapot, POS: NOUN, DEP: dobj
2024-09-01 13:00:41,966 DEBUG:Identified object: teapot
2024-09-01 13:00:41,966 DEBUG:Created new object: {'object': 'teapot', 'color': 'yellow', 'texture': None, 'size': 'large', 'position': {'x': 0, 'y': 0, 'z': 0}}
2024-09-01 13:00:41,966 DEBUG:Processing token: of, POS: ADP, DEP: prep
2024-09-01 13:00:41,966 DEBUG:Processing token: matte, POS: NOUN, DEP: compound
2024-09-01 13:00:41,966 DEBUG:Identified texture: matte
2024-09-01 13:00:41,966 DEBUG:Processing token: texture, POS: NOUN, DEP: pobj
2024-09-01 13:00:41,966 DEBUG:Identified object: texture
2024-09-01 13:00:41,967 DEBUG:Created new object: {'object': 'texture', 'color': None, 'texture': 'matte', 'size': None, 'position': {'x': 2, 'y': 0, 'z': 0}}
2024-09-01 13:00:41,967 DEBUG:Processing token: ,, POS: PUNCT, DEP: punct
2024-09-01 13:00:41,967 DEBUG:Processing token: a, POS: DET, DEP: det
2024-09-01 13:00:41,967 DEBUG:Processing token: large, POS: ADJ, DEP: amod
2024-09-01 13:00:41,967 DEBUG:Identified size: large
2024-09-01 13:00:41,967 DEBUG:Processing token: cyan, POS: PROPN, DEP: npadvmod
2024-09-01 13:00:41,967 DEBUG:Identified color: cyan
2024-09-01 13:00:41,967 DEBUG:Processing token: colored, POS: ADJ, DEP: amod
2024-09-01 13:00:41,967 DEBUG:Processing token: cube, POS: NOUN, DEP: npadvmod
2024-09-01 13:00:41,967 DEBUG:Identified object: cube
2024-09-01 13:00:41,967 DEBUG:Created new object: {'object': 'cube', 'color': 'cyan', 'texture': None, 'size': 'large', 'position': {'x': 4, 'y': 0, 'z': 0}}
2024-09-01 13:00:41,967 DEBUG:Processing token: of, POS: ADP, DEP: prep
2024-09-01 13:00:41,967 DEBUG:Processing token: matte, POS: NOUN, DEP: compound
2024-09-01 13:00:41,967 DEBUG:Identified texture: matte
2024-09-01 13:00:41,967 DEBUG:Processing token: texture, POS: NOUN, DEP: pobj
2024-09-01 13:00:41,967 DEBUG:Identified object: texture
2024-09-01 13:00:41,967 DEBUG:Found existing object: {'object': 'texture', 'color': None, 'texture': 'matte', 'size': None, 'position': {'x': 2, 'y': 0, 'z': 0}}
2024-09-01 13:00:41,967 DEBUG:Processing token: ,, POS: PUNCT, DEP: punct
2024-09-01 13:00:41,967 DEBUG:Processing token: a, POS: DET, DEP: det
2024-09-01 13:00:41,967 DEBUG:Processing token: large, POS: ADJ, DEP: amod
2024-09-01 13:00:41,968 DEBUG:Identified size: large
2024-09-01 13:00:41,968 DEBUG:Processing token: brown, POS: ADJ, DEP: amod
2024-09-01 13:00:41,968 DEBUG:Identified color: brown
2024-09-01 13:00:41,968 DEBUG:Processing token: colored, POS: ADJ, DEP: amod
2024-09-01 13:00:41,968 DEBUG:Processing token: teapot, POS: NOUN, DEP: dobj
2024-09-01 13:00:41,968 DEBUG:Identified object: teapot
2024-09-01 13:00:41,968 DEBUG:Created new object: {'object': 'teapot', 'color': 'brown', 'texture': None, 'size': 'large', 'position': {'x': 6, 'y': 0, 'z': 0}}
2024-09-01 13:00:41,968 DEBUG:Processing token: of, POS: ADP, DEP: prep
2024-09-01 13:00:41,968 DEBUG:Processing token: shiny, POS: ADJ, DEP: amod
2024-09-01 13:00:41,968 DEBUG:Identified texture: shiny
2024-09-01 13:00:41,968 DEBUG:Processing token: texture, POS: NOUN, DEP: pobj
2024-09-01 13:00:41,968 DEBUG:Identified object: texture
2024-09-01 13:00:41,968 DEBUG:Found existing object: {'object': 'texture', 'color': None, 'texture': 'matte', 'size': None, 'position': {'x': 2, 'y': 0, 'z': 0}}
2024-09-01 13:00:41,968 DEBUG:Processing token: ,, POS: PUNCT, DEP: punct
2024-09-01 13:00:41,968 DEBUG:Processing token: a, POS: DET, DEP: det
2024-09-01 13:00:41,968 DEBUG:Processing token: large, POS: ADJ, DEP: amod
2024-09-01 13:00:41,968 DEBUG:Identified size: large
2024-09-01 13:00:41,968 DEBUG:Processing token: red, POS: ADJ, DEP: amod
2024-09-01 13:00:41,968 DEBUG:Identified color: red
2024-09-01 13:00:41,968 DEBUG:Processing token: colored, POS: ADJ, DEP: amod
2024-09-01 13:00:41,968 DEBUG:Processing token: cube, POS: NOUN, DEP: npadvmod
2024-09-01 13:00:41,969 DEBUG:Identified object: cube
2024-09-01 13:00:41,969 DEBUG:Created new object: {'object': 'cube', 'color': 'red', 'texture': None, 'size': 'large', 'position': {'x': 8, 'y': 0, 'z': 0}}
2024-09-01 13:00:41,969 DEBUG:Processing token: of, POS: ADP, DEP: prep
2024-09-01 13:00:41,969 DEBUG:Processing token: matte, POS: NOUN, DEP: compound
2024-09-01 13:00:41,969 DEBUG:Identified texture: matte
2024-09-01 13:00:41,969 DEBUG:Processing token: texture, POS: NOUN, DEP: pobj
2024-09-01 13:00:41,969 DEBUG:Identified object: texture
2024-09-01 13:00:41,969 DEBUG:Found existing object: {'object': 'texture', 'color': None, 'texture': 'matte', 'size': None, 'position': {'x': 2, 'y': 0, 'z': 0}}
2024-09-01 13:00:41,969 DEBUG:Processing token: and, POS: CCONJ, DEP: cc
2024-09-01 13:00:41,969 DEBUG:Processing token: a, POS: DET, DEP: det
2024-09-01 13:00:41,969 DEBUG:Processing token: large, POS: ADJ, DEP: amod
2024-09-01 13:00:41,969 DEBUG:Identified size: large
2024-09-01 13:00:41,969 DEBUG:Processing token: brown, POS: ADJ, DEP: amod
2024-09-01 13:00:41,969 DEBUG:Identified color: brown
2024-09-01 13:00:41,969 DEBUG:Processing token: colored, POS: ADJ, DEP: amod
2024-09-01 13:00:41,969 DEBUG:Processing token: teapot, POS: NOUN, DEP: conj
2024-09-01 13:00:41,969 DEBUG:Identified object: teapot
2024-09-01 13:00:41,969 DEBUG:Found existing object: {'object': 'teapot', 'color': 'brown', 'texture': None, 'size': 'large', 'position': {'x': 6, 'y': 0, 'z': 0}}
2024-09-01 13:00:41,969 DEBUG:Processing token: of, POS: ADP, DEP: prep
2024-09-01 13:00:41,969 DEBUG:Processing token: shiny, POS: ADJ, DEP: amod
2024-09-01 13:00:41,969 DEBUG:Identified texture: shiny
2024-09-01 13:00:41,970 DEBUG:Processing token: texture, POS: NOUN, DEP: pobj
2024-09-01 13:00:41,970 DEBUG:Identified object: texture
2024-09-01 13:00:41,970 DEBUG:Found existing object: {'object': 'texture', 'color': None, 'texture': 'matte', 'size': None, 'position': {'x': 2, 'y': 0, 'z': 0}}
2024-09-01 13:00:41,970 DEBUG:Processing token: ., POS: PUNCT, DEP: punct
2024-09-01 13:00:41,971 INFO:JSON file created: temp\scene.json
2024-09-01 13:00:41,971 INFO:Output file: temp\scene.json
